\BOOKMARK [-1][-]{part.1}{I N\372meros Complejos}{}% 1
\BOOKMARK [0][-]{chapter.1}{Definiciones}{part.1}% 2
\BOOKMARK [1][-]{section.1.1}{Definici\363n de N\372meros Complejos}{chapter.1}% 3
\BOOKMARK [1][-]{section.1.2}{Definiciones Utiles}{chapter.1}% 4
\BOOKMARK [1][-]{section.1.3}{Repeticiones de i}{chapter.1}% 5
\BOOKMARK [1][-]{section.1.4}{Funciones Trigonometricos}{chapter.1}% 6
\BOOKMARK [2][-]{subsection.1.4.1}{Evaluaci\363n R\341pida}{section.1.4}% 7
\BOOKMARK [2][-]{subsection.1.4.2}{Identidades Importantes}{section.1.4}% 8
\BOOKMARK [0][-]{chapter.2}{Aritm\351tica Compleja}{part.1}% 9
\BOOKMARK [1][-]{section.2.1}{Operaciones B\341sicas}{chapter.2}% 10
\BOOKMARK [1][-]{section.2.2}{Elemento Identidad}{chapter.2}% 11
\BOOKMARK [1][-]{section.2.3}{Inverso Multiplicativo}{chapter.2}% 12
\BOOKMARK [1][-]{section.2.4}{Campo de los Complejos}{chapter.2}% 13
\BOOKMARK [1][-]{section.2.5}{Conjugados}{chapter.2}% 14
\BOOKMARK [1][-]{section.2.6}{M\363dulo o Valor Absoluto}{chapter.2}% 15
\BOOKMARK [0][-]{chapter.3}{Forma Polar y Argumentos}{part.1}% 16
\BOOKMARK [1][-]{section.3.1}{Forma Polar}{chapter.3}% 17
\BOOKMARK [2][-]{subsection.3.1.1}{De forma Polar a forma Rectangular}{section.3.1}% 18
\BOOKMARK [2][-]{subsection.3.1.2}{De forma Rectangular a forma Polar}{section.3.1}% 19
\BOOKMARK [1][-]{section.3.2}{Argumento de z}{chapter.3}% 20
\BOOKMARK [1][-]{section.3.3}{Leyes de Aritmetica}{chapter.3}% 21
\BOOKMARK [1][-]{section.3.4}{Ley de Moivre's}{chapter.3}% 22
\BOOKMARK [0][-]{chapter.4}{Forma Exponencial \363 de Euler}{part.1}% 23
\BOOKMARK [1][-]{section.4.1}{Forma de Euler}{chapter.4}% 24
\BOOKMARK [2][-]{subsection.4.1.1}{ez}{section.4.1}% 25
\BOOKMARK [2][-]{subsection.4.1.2}{Lemmas y Propiedades}{section.4.1}% 26
\BOOKMARK [1][-]{section.4.2}{Identidad de Lagrange}{chapter.4}% 27
\BOOKMARK [0][-]{chapter.5}{Ecuaciones y Ra\355ces}{part.1}% 28
\BOOKMARK [1][-]{section.5.1}{n-Ra\355ces de un Numero Complejo}{chapter.5}% 29
\BOOKMARK [2][-]{subsection.5.1.1}{Teorema Fundamental del \301lgebra}{section.5.1}% 30
\BOOKMARK [2][-]{subsection.5.1.2}{Encontrar las Ra\355ces de un N\372mero Complejo}{section.5.1}% 31
\BOOKMARK [-1][-]{part.2}{II Funciones Complejas}{}% 32
\BOOKMARK [0][-]{chapter.6}{Funciones Complejas}{part.2}% 33
\BOOKMARK [1][-]{section.6.1}{Funciones en General}{chapter.6}% 34
\BOOKMARK [1][-]{section.6.2}{Funciones Hiperbolicas cosh\(x\) y senh\(x\)}{chapter.6}% 35
\BOOKMARK [1][-]{section.6.3}{Trigonometricas Complejas: cos\(z\) y sin\(z\)}{chapter.6}% 36
\BOOKMARK [1][-]{section.6.4}{Funciones ez y Ln\(z\)}{chapter.6}% 37
\BOOKMARK [1][-]{section.6.5}{z1z2}{chapter.6}% 38
