\BOOKMARK [1][-]{section.0.1}{\277Qu\351 es lo que estoy leyendo?}{}% 1
\BOOKMARK [-1][-]{part.1}{I N\372meros Complejos}{}% 2
\BOOKMARK [0][-]{chapter.1}{Cosas que Debes Recordar}{part.1}% 3
\BOOKMARK [1][-]{section.1.1}{Heaviside: Tips para Fracciones Parciales}{chapter.1}% 4
\BOOKMARK [2][-]{subsection.1.1.1}{Ejemplos}{section.1.1}% 5
\BOOKMARK [1][-]{section.1.2}{Funciones Trigonometricos}{chapter.1}% 6
\BOOKMARK [2][-]{subsection.1.2.1}{Evaluaci\363n R\341pida}{section.1.2}% 7
\BOOKMARK [2][-]{subsection.1.2.2}{Identidades Importantes}{section.1.2}% 8
\BOOKMARK [0][-]{chapter.2}{Definiciones}{part.1}% 9
\BOOKMARK [1][-]{section.2.1}{Definici\363n de N\372meros Complejos}{chapter.2}% 10
\BOOKMARK [1][-]{section.2.2}{Definiciones Utiles}{chapter.2}% 11
\BOOKMARK [1][-]{section.2.3}{Repeticiones de i}{chapter.2}% 12
\BOOKMARK [0][-]{chapter.3}{Aritm\351tica Compleja}{part.1}% 13
\BOOKMARK [1][-]{section.3.1}{Operaciones B\341sicas}{chapter.3}% 14
\BOOKMARK [1][-]{section.3.2}{Elemento Identidad}{chapter.3}% 15
\BOOKMARK [1][-]{section.3.3}{Inverso Multiplicativo}{chapter.3}% 16
\BOOKMARK [1][-]{section.3.4}{Campo de los Complejos}{chapter.3}% 17
\BOOKMARK [1][-]{section.3.5}{Conjugados}{chapter.3}% 18
\BOOKMARK [2][-]{subsection.3.5.1}{Coordenadas Conjugadas}{section.3.5}% 19
\BOOKMARK [1][-]{section.3.6}{M\363dulo o Valor Absoluto}{chapter.3}% 20
\BOOKMARK [1][-]{section.3.7}{Producto Punto y Cruz}{chapter.3}% 21
\BOOKMARK [2][-]{subsection.3.7.1}{Producto Punto}{section.3.7}% 22
\BOOKMARK [2][-]{subsection.3.7.2}{Producto Cruz}{section.3.7}% 23
\BOOKMARK [1][-]{section.3.8}{Problemas Varios}{chapter.3}% 24
\BOOKMARK [0][-]{chapter.4}{Forma Polar y Argumentos}{part.1}% 25
\BOOKMARK [1][-]{section.4.1}{Forma Polar}{chapter.4}% 26
\BOOKMARK [2][-]{subsection.4.1.1}{De forma Polar a forma Rectangular}{section.4.1}% 27
\BOOKMARK [2][-]{subsection.4.1.2}{De forma Rectangular a forma Polar}{section.4.1}% 28
\BOOKMARK [1][-]{section.4.2}{Argumento de z}{chapter.4}% 29
\BOOKMARK [1][-]{section.4.3}{Leyes de Aritmetica}{chapter.4}% 30
\BOOKMARK [0][-]{chapter.5}{Forma de Euler y Ra\355ces}{part.1}% 31
\BOOKMARK [1][-]{section.5.1}{Forma de Euler}{chapter.5}% 32
\BOOKMARK [2][-]{subsection.5.1.1}{ez}{section.5.1}% 33
\BOOKMARK [2][-]{subsection.5.1.2}{Propiedades}{section.5.1}% 34
\BOOKMARK [1][-]{section.5.2}{Identidad de Lagrange}{chapter.5}% 35
\BOOKMARK [1][-]{section.5.3}{Ley de Moivre's}{chapter.5}% 36
\BOOKMARK [1][-]{section.5.4}{n-Ra\355ces de un Numero Complejo}{chapter.5}% 37
\BOOKMARK [2][-]{subsection.5.4.1}{Encontrar las Ra\355ces de un N\372mero Complejo}{section.5.4}% 38
\BOOKMARK [2][-]{subsection.5.4.2}{Raices de la Unidad}{section.5.4}% 39
\BOOKMARK [2][-]{subsection.5.4.3}{Propiedades Interesantes}{section.5.4}% 40
\BOOKMARK [2][-]{subsection.5.4.4}{Teorema Fundamental del \301lgebra}{section.5.4}% 41
\BOOKMARK [-1][-]{part.2}{II Funciones y C\341lculo Complejo}{}% 42
\BOOKMARK [0][-]{chapter.6}{Funciones Complejas}{part.2}% 43
\BOOKMARK [1][-]{section.6.1}{Funciones en General}{chapter.6}% 44
\BOOKMARK [1][-]{section.6.2}{Funciones Hiperbolicas cosh\(x\) y senh\(x\)}{chapter.6}% 45
\BOOKMARK [1][-]{section.6.3}{Trigonometricas Complejas: cos\(z\) y sin\(z\)}{chapter.6}% 46
\BOOKMARK [1][-]{section.6.4}{Funciones ez y Ln\(z\)}{chapter.6}% 47
\BOOKMARK [1][-]{section.6.5}{z1z2}{chapter.6}% 48
\BOOKMARK [0][-]{chapter.7}{L\355mites}{part.2}% 49
\BOOKMARK [1][-]{section.7.1}{L\355mites en C\341lculo Real}{chapter.7}% 50
\BOOKMARK [2][-]{subsection.7.1.1}{Definici\363n Formal}{section.7.1}% 51
\BOOKMARK [0][-]{chapter.8}{Derivaci\363n}{part.2}% 52
\BOOKMARK [1][-]{section.8.1}{Funciones Anal\355ticas}{chapter.8}% 53
\BOOKMARK [1][-]{section.8.2}{Continuidad}{chapter.8}% 54
\BOOKMARK [1][-]{section.8.3}{Definici\363n Formal}{chapter.8}% 55
\BOOKMARK [1][-]{section.8.4}{Ecuaciones de Cauchy - Riemann en Rectangular}{chapter.8}% 56
\BOOKMARK [1][-]{section.8.5}{Ecuaciones de Cauchy - Riemann en Forma Polar}{chapter.8}% 57
\BOOKMARK [2][-]{subsection.8.5.1}{Demostraci\363n usando Rectangular}{section.8.5}% 58
\BOOKMARK [2][-]{subsection.8.5.2}{Comprobaci\363n usando Rectangular}{section.8.5}% 59
\BOOKMARK [1][-]{section.8.6}{Funciones Anal\355ticas y Cauchy - Riemann}{chapter.8}% 60
\BOOKMARK [1][-]{section.8.7}{Funciones Armonicas y Ecuaciones de Laplace}{chapter.8}% 61
\BOOKMARK [0][-]{chapter.9}{Integraci\363n}{part.2}% 62
\BOOKMARK [1][-]{section.9.1}{Integrales Complejas}{chapter.9}% 63
\BOOKMARK [2][-]{subsection.9.1.1}{Calcular un Integral Compleja sobre C}{section.9.1}% 64
\BOOKMARK [2][-]{subsection.9.1.2}{Parametrizaci\363n}{section.9.1}% 65
\BOOKMARK [1][-]{section.9.2}{Integrales Bonitas: Antiderivadas}{chapter.9}% 66
\BOOKMARK [1][-]{section.9.3}{Teorema de la Deformaci\363n}{chapter.9}% 67
\BOOKMARK [1][-]{section.9.4}{Teorema de Cauchy-Goursat}{chapter.9}% 68
\BOOKMARK [1][-]{section.9.5}{Teorema de la Integral de Cauchy}{chapter.9}% 69
\BOOKMARK [2][-]{subsection.9.5.1}{Teorema de Integral vs Formula de la Integral}{section.9.5}% 70
\BOOKMARK [2][-]{subsection.9.5.2}{Ejemplos}{section.9.5}% 71
\BOOKMARK [1][-]{section.9.6}{Teorema de Cauchy de Derivaci\363n de Orden Superior}{chapter.9}% 72
\BOOKMARK [2][-]{subsection.9.6.1}{Ejemplos}{section.9.6}% 73
\BOOKMARK [-1][-]{part.3}{III Series Complejas y Residuos}{}% 74
\BOOKMARK [0][-]{chapter.10}{Series Complejas}{part.3}% 75
\BOOKMARK [1][-]{section.10.1}{Serie Geom\351trica}{chapter.10}% 76
\BOOKMARK [1][-]{section.10.2}{Series de Potencias}{chapter.10}% 77
\BOOKMARK [1][-]{section.10.3}{Series de Taylor}{chapter.10}% 78
\BOOKMARK [2][-]{subsection.10.3.1}{Series de Taylor Famosas}{section.10.3}% 79
\BOOKMARK [1][-]{section.10.4}{Series de Maclaurin}{chapter.10}% 80
\BOOKMARK [1][-]{section.10.5}{Series de Laurent}{chapter.10}% 81
\BOOKMARK [2][-]{subsection.10.5.1}{Coeficientes de la Serie de Laurent}{section.10.5}% 82
\BOOKMARK [2][-]{subsection.10.5.2}{Ejemplos}{section.10.5}% 83
\BOOKMARK [2][-]{subsection.10.5.3}{Polos y Singularidades Aisladas}{section.10.5}% 84
\BOOKMARK [0][-]{chapter.11}{Residuos}{part.3}% 85
\BOOKMARK [1][-]{section.11.1}{Definici\363n}{chapter.11}% 86
\BOOKMARK [1][-]{section.11.2}{Encontrar Residuos}{chapter.11}% 87
\BOOKMARK [1][-]{section.11.3}{Ejemplos sobre Encontrar Residuo}{chapter.11}% 88
\BOOKMARK [1][-]{section.11.4}{Teorema de Residuo de Cauchy}{chapter.11}% 89
\BOOKMARK [1][-]{section.11.5}{Usar Teorema del Residuo para: 02 F\(cos\( \040\), sin\( \040\)\) \040d}{chapter.11}% 90
\BOOKMARK [2][-]{subsection.11.5.1}{Ejemplo}{section.11.5}% 91
\BOOKMARK [1][-]{section.11.6}{Valor Principal de Cauchy}{chapter.11}% 92
\BOOKMARK [1][-]{section.11.7}{Usar Teorema del Residuo para: -f\(x\) dx}{chapter.11}% 93
\BOOKMARK [2][-]{subsection.11.7.1}{Ejemplo}{section.11.7}% 94
\BOOKMARK [1][-]{section.11.8}{Usar Teorema del Residuo para: -Trig\(x\) dx}{chapter.11}% 95
\BOOKMARK [2][-]{subsection.11.8.1}{Ejemplo}{section.11.8}% 96
\BOOKMARK [1][-]{section.11.9}{Recordatorio de las Integrales de Contorno}{chapter.11}% 97
\BOOKMARK [-1][-]{part.4}{IV Serie y Transformada de Fourier}{}% 98
\BOOKMARK [0][-]{chapter.12}{Serie de Fourier}{part.4}% 99
\BOOKMARK [1][-]{section.12.1}{Cosas a Recordar}{chapter.12}% 100
\BOOKMARK [1][-]{section.12.2}{Teorema de Fourier}{chapter.12}% 101
\BOOKMARK [1][-]{section.12.3}{Base de la Serie de Fourier}{chapter.12}% 102
\BOOKMARK [1][-]{section.12.4}{Coeficientes de Fourier}{chapter.12}% 103
\BOOKMARK [2][-]{subsection.12.4.1}{Encontrar a alguna en general}{section.12.4}% 104
\BOOKMARK [2][-]{subsection.12.4.2}{Encontrar a a0}{section.12.4}% 105
\BOOKMARK [2][-]{subsection.12.4.3}{Encontrar a an}{section.12.4}% 106
\BOOKMARK [2][-]{subsection.12.4.4}{Encontrar a bn}{section.12.4}% 107
\BOOKMARK [1][-]{section.12.5}{Tips para Encontrar los Coeficientes}{chapter.12}% 108
\BOOKMARK [2][-]{subsection.12.5.1}{Encontrar a a0}{section.12.5}% 109
\BOOKMARK [2][-]{subsection.12.5.2}{Encontrar a an}{section.12.5}% 110
\BOOKMARK [2][-]{subsection.12.5.3}{Encontrar a bn}{section.12.5}% 111
\BOOKMARK [1][-]{section.12.6}{Serie Compleja de Fourier}{chapter.12}% 112
\BOOKMARK [1][-]{section.12.7}{Aplicaciones - Problemas de Frontera}{chapter.12}% 113
\BOOKMARK [2][-]{subsection.12.7.1}{Ecuaci\363n de Onda en una Dimensi\363n}{section.12.7}% 114
\BOOKMARK [0][-]{chapter.13}{Transformada de Fourier}{part.4}% 115
\BOOKMARK [1][-]{section.13.1}{Funciones Especiales}{chapter.13}% 116
\BOOKMARK [2][-]{subsection.13.1.1}{Funci\363n Heaviside - Escal\363n Unitario}{section.13.1}% 117
\BOOKMARK [2][-]{subsection.13.1.2}{Funci\363n Delta de Dirac}{section.13.1}% 118
\BOOKMARK [1][-]{section.13.2}{Definici\363n}{chapter.13}% 119
\BOOKMARK [2][-]{subsection.13.2.1}{Propiedades}{section.13.2}% 120
\BOOKMARK [1][-]{section.13.3}{Transformada y la Integral Compleja de Fourier}{chapter.13}% 121
\BOOKMARK [1][-]{section.13.4}{Transformadas por Definici\363n}{chapter.13}% 122
\BOOKMARK [2][-]{subsection.13.4.1}{F \173 e-t \175 }{section.13.4}% 123
\BOOKMARK [2][-]{subsection.13.4.2}{F \173 k \175 }{section.13.4}% 124
\BOOKMARK [2][-]{subsection.13.4.3}{F \173 \(t\) \175 }{section.13.4}% 125
\BOOKMARK [1][-]{section.13.5}{Teoremas de la Derivadas}{chapter.13}% 126
\BOOKMARK [2][-]{subsection.13.5.1}{Derivada con Respecto a la Frecuencia}{section.13.5}% 127
\BOOKMARK [2][-]{subsection.13.5.2}{Derivada con Respecto al Tiempo}{section.13.5}% 128
\BOOKMARK [1][-]{section.13.6}{Desplazamientos}{chapter.13}% 129
\BOOKMARK [2][-]{subsection.13.6.1}{Desplazamiento en Tiempo}{section.13.6}% 130
\BOOKMARK [2][-]{subsection.13.6.2}{Ejemplos de Desplamiento de Tiempo}{section.13.6}% 131
\BOOKMARK [2][-]{subsection.13.6.3}{Desplazamiento en Frecuencia}{section.13.6}% 132
\BOOKMARK [1][-]{section.13.7}{Gran Teorema de la Simetr\355a}{chapter.13}% 133
\BOOKMARK [2][-]{subsection.13.7.1}{Consecuencia: F \173 1 \175 }{section.13.7}% 134
\BOOKMARK [1][-]{section.13.8}{Teorema del Escalamiento}{chapter.13}% 135
\BOOKMARK [2][-]{subsection.13.8.1}{Consecuencia: Inverte el Tiempo F \173 f\(-t\) \175 }{section.13.8}% 136
\BOOKMARK [2][-]{subsection.13.8.2}{Consecuencia: Una Cl\341sica F \173 e-a|t| \175 }{section.13.8}% 137
\BOOKMARK [1][-]{section.13.9}{Teoremas de la Modulaci\363n}{chapter.13}% 138
\BOOKMARK [2][-]{subsection.13.9.1}{F \173 f\(t\) \040cos\( w0t \) \175 }{section.13.9}% 139
\BOOKMARK [2][-]{subsection.13.9.2}{F \173 cos\( w0t \) \175 }{section.13.9}% 140
\BOOKMARK [2][-]{subsection.13.9.3}{F \173 f\(t\) \040sin\( w0t \) \175 }{section.13.9}% 141
\BOOKMARK [2][-]{subsection.13.9.4}{F \173 sin\( w0t \) \175 }{section.13.9}% 142
\BOOKMARK [2][-]{subsection.13.9.5}{Ejemplos}{section.13.9}% 143
\BOOKMARK [1][-]{section.13.10}{Transformada Inversa}{chapter.13}% 144
\BOOKMARK [2][-]{subsection.13.10.1}{Ejemplos de la Inversa}{section.13.10}% 145
\BOOKMARK [1][-]{section.13.11}{Convoluci\363n}{chapter.13}% 146
\BOOKMARK [2][-]{subsection.13.11.1}{Propiedades}{section.13.11}% 147
\BOOKMARK [2][-]{subsection.13.11.2}{Ejemplos usando Convoluci\363n para la Inversa}{section.13.11}% 148
\BOOKMARK [1][-]{section.13.12}{Sol. Ecuaciones Diferenciales}{chapter.13}% 149
\BOOKMARK [2][-]{subsection.13.12.1}{Ejemplo 1}{section.13.12}% 150
\BOOKMARK [2][-]{subsection.13.12.2}{Ejemplo 2}{section.13.12}% 151
\BOOKMARK [2][-]{subsection.13.12.3}{Ejemplo 3}{section.13.12}% 152
\BOOKMARK [1][-]{section.13.13}{Transformario de Fourier}{chapter.13}% 153
\BOOKMARK [-1][-]{part.5}{V Se\361ales y sistemas de comunicaci\363n}{}% 154
\BOOKMARK [0][-]{chapter.14}{Serie de Fourier}{part.5}% 155
